2025-09-27 22:49:47,710 - utils.config - INFO - Configuration loaded successfully
2025-09-27 22:49:47,711 - __main__ - INFO - ✅ Configuration loaded
2025-09-27 22:49:47,793 - core.pandoc_wrapper - INFO - Using pypandoc's pandoc at: /Users/mini/Applications/pandoc/pandoc
2025-09-27 22:49:47,829 - core.pandoc_wrapper - INFO - Found Pandoc: pandoc 3.8
2025-09-27 22:49:47,832 - utils.config - INFO - Loaded regex patterns from /Users/mini/Documents/GitHub/epub2tts/config/regex_patterns.yaml
2025-09-27 22:49:47,833 - core.text_cleaner - INFO - Compiled 3 pattern groups
2025-09-27 22:49:47,833 - core.epub_processor - INFO - EPUB processor initialized with temp dir: /tmp/epub2tts
2025-09-27 22:49:47,833 - pipelines.tts_pipeline - INFO - Initializing Kokoro TTS pipeline with model: kokoro
2025-09-27 22:49:47,833 - pipelines.tts_pipeline - INFO - Loading Kokoro model: kokoro
2025-09-27 22:49:49,776 - pipelines.tts_pipeline - INFO - Using MLX-Audio backend
2025-09-27 22:49:49,776 - pipelines.tts_pipeline - INFO - Initialized MLX Kokoro model successfully
2025-09-27 22:49:49,776 - pipelines.tts_pipeline - INFO - Using MLX-optimized Kokoro model
2025-09-27 22:49:49,776 - pipelines.orchestrator.PipelineOrchestrator - INFO - TTS pipeline initialized
2025-09-27 22:49:49,776 - pipelines.image_pipeline - INFO - Initializing VLM pipeline with model: llava-1.5-7b
2025-09-27 22:49:49,776 - pipelines.image_pipeline - WARNING - LLaVA model not implemented, using mock model
2025-09-27 22:49:49,776 - pipelines.image_pipeline - INFO - Initialized mock VLM model for development
2025-09-27 22:49:49,776 - pipelines.image_pipeline - INFO - VLM model loaded successfully: llava-1.5-7b
2025-09-27 22:49:49,776 - pipelines.orchestrator.PipelineOrchestrator - INFO - Image description pipeline initialized
2025-09-27 22:49:49,776 - __main__ - INFO - ✅ Pipeline orchestrator initialized
2025-09-27 22:49:49,776 - __main__ - INFO - 🔄 Starting full pipeline processing for: A System for Writing.epub
2025-09-27 22:49:49,776 - __main__ - INFO - 📁 Output directory: output/A System for Writing
2025-09-27 22:49:49,776 - __main__ - INFO - 🔊 TTS enabled: True
2025-09-27 22:49:49,776 - __main__ - INFO - 🖼️  Image processing enabled: True
2025-09-27 22:49:49,776 - pipelines.orchestrator.PipelineOrchestrator - INFO - Starting complete pipeline processing: A System for Writing.epub
2025-09-27 22:49:49,776 - core.epub_processor - INFO - Starting EPUB processing: A System for Writing.epub
2025-09-27 22:49:49,776 - core.epub_processor - INFO - Extracting metadata...
2025-09-27 22:49:50,257 - core.pandoc_wrapper - INFO - Extracted metadata: ['title', 'author', 'publisher', 'date', 'language', 'identifier']
2025-09-27 22:49:50,259 - core.epub_processor - INFO - Converting EPUB to markdown...
2025-09-27 22:49:50,260 - core.pandoc_wrapper - INFO - Converting EPUB to Markdown: A System for Writing.epub
2025-09-27 22:49:50,973 - core.pandoc_wrapper - INFO - Successfully converted EPUB (318329 characters)
2025-09-27 22:49:50,973 - core.pandoc_wrapper - INFO - Extracted 65 media files to /var/folders/q5/qt7z1d_s2dg3c98yct2nt17m0000gn/T/epub2tts_media_lnw245iy
2025-09-27 22:49:50,974 - core.epub_processor - INFO - Extracting image information...
2025-09-27 22:49:50,974 - core.pandoc_wrapper - INFO - Converting EPUB to Markdown: A System for Writing.epub
2025-09-27 22:49:51,648 - core.pandoc_wrapper - INFO - Successfully converted EPUB (318329 characters)
2025-09-27 22:49:51,649 - core.pandoc_wrapper - INFO - Extracted 65 media files to /var/folders/q5/qt7z1d_s2dg3c98yct2nt17m0000gn/T/epub2tts_media_yq6xkagt
2025-09-27 22:49:51,655 - core.pandoc_wrapper - INFO - Found 64 images in EPUB
2025-09-27 22:49:51,658 - core.epub_processor - INFO - Cleaning text...
2025-09-27 22:49:51,698 - core.text_cleaner - INFO - Text cleaning completed: -12786 chars removed (104.02% retained), 6 patterns applied
2025-09-27 22:49:51,698 - core.epub_processor - INFO - Segmenting chapters...
2025-09-27 22:49:51,699 - core.text_cleaner - INFO - Found 5 chapters using pattern detection
2025-09-27 22:49:51,699 - core.text_cleaner - INFO - Segmented text into 5 chapters
2025-09-27 22:49:51,699 - core.epub_processor - INFO - Splitting long chapter: Chapter 5 (10618 words)
2025-09-27 22:49:51,713 - core.epub_processor - INFO - Copied 64 images to output/A System for Writing/A System for Writing_images
2025-09-27 22:49:51,713 - core.epub_processor - INFO - Results saved to output/A System for Writing
2025-09-27 22:49:51,713 - core.epub_processor - INFO - EPUB processing completed successfully in 1.94s: 3 chapters, 331115 characters
2025-09-27 22:49:51,715 - performance - INFO - Operation completed: EPUB text processing (duration: 1.940s)
2025-09-27 22:49:51,716 - pipelines.orchestrator.PipelineOrchestrator - INFO - EPUB processing completed: 3 chapters
2025-09-27 22:49:51,716 - pipelines.image_pipeline - INFO - Starting batch image processing: 64 images
2025-09-27 22:49:51,716 - pipelines.image_pipeline - ERROR - Error processing image /var/folders/q5/qt7z1d_s2dg3c98yct2nt17m0000gn/T/epub2tts_media_yq6xkagt/cover.jpeg: [Errno 2] No such file or directory: '/var/folders/q5/qt7z1d_s2dg3c98yct2nt17m0000gn/T/epub2tts_media_yq6xkagt/cover.jpeg'
2025-09-27 22:49:51,716 - pipelines.image_pipeline - ERROR - Error processing image /var/folders/q5/qt7z1d_s2dg3c98yct2nt17m0000gn/T/epub2tts_media_yq6xkagt/images/00044.jpeg: [Errno 2] No such file or directory: '/var/folders/q5/qt7z1d_s2dg3c98yct2nt17m0000gn/T/epub2tts_media_yq6xkagt/images/00044.jpeg'
2025-09-27 22:49:51,716 - pipelines.image_pipeline - ERROR - Error processing image /var/folders/q5/qt7z1d_s2dg3c98yct2nt17m0000gn/T/epub2tts_media_yq6xkagt/images/00013.jpeg: [Errno 2] No such file or directory: '/var/folders/q5/qt7z1d_s2dg3c98yct2nt17m0000gn/T/epub2tts_media_yq6xkagt/images/00013.jpeg'
2025-09-27 22:49:51,716 - pipelines.image_pipeline - ERROR - Error processing image /var/folders/q5/qt7z1d_s2dg3c98yct2nt17m0000gn/T/epub2tts_media_yq6xkagt/images/00052.jpeg: [Errno 2] No such file or directory: '/var/folders/q5/qt7z1d_s2dg3c98yct2nt17m0000gn/T/epub2tts_media_yq6xkagt/images/00052.jpeg'
2025-09-27 22:49:51,716 - pipelines.image_pipeline - ERROR - Error processing image /var/folders/q5/qt7z1d_s2dg3c98yct2nt17m0000gn/T/epub2tts_media_yq6xkagt/images/00029.jpeg: [Errno 2] No such file or directory: '/var/folders/q5/qt7z1d_s2dg3c98yct2nt17m0000gn/T/epub2tts_media_yq6xkagt/images/00029.jpeg'
2025-09-27 22:49:51,716 - pipelines.image_pipeline - ERROR - Error processing image /var/folders/q5/qt7z1d_s2dg3c98yct2nt17m0000gn/T/epub2tts_media_yq6xkagt/images/00068.jpeg: [Errno 2] No such file or directory: '/var/folders/q5/qt7z1d_s2dg3c98yct2nt17m0000gn/T/epub2tts_media_yq6xkagt/images/00068.jpeg'
2025-09-27 22:49:51,716 - pipelines.image_pipeline - ERROR - Error processing image /var/folders/q5/qt7z1d_s2dg3c98yct2nt17m0000gn/T/epub2tts_media_yq6xkagt/images/00048.jpeg: [Errno 2] No such file or directory: '/var/folders/q5/qt7z1d_s2dg3c98yct2nt17m0000gn/T/epub2tts_media_yq6xkagt/images/00048.jpeg'
2025-09-27 22:49:51,717 - pipelines.image_pipeline - ERROR - Error processing image /var/folders/q5/qt7z1d_s2dg3c98yct2nt17m0000gn/T/epub2tts_media_yq6xkagt/images/00009.jpeg: [Errno 2] No such file or directory: '/var/folders/q5/qt7z1d_s2dg3c98yct2nt17m0000gn/T/epub2tts_media_yq6xkagt/images/00009.jpeg'
2025-09-27 22:49:51,717 - pipelines.image_pipeline - ERROR - Error processing image /var/folders/q5/qt7z1d_s2dg3c98yct2nt17m0000gn/T/epub2tts_media_yq6xkagt/images/00025.jpeg: [Errno 2] No such file or directory: '/var/folders/q5/qt7z1d_s2dg3c98yct2nt17m0000gn/T/epub2tts_media_yq6xkagt/images/00025.jpeg'
2025-09-27 22:49:51,717 - pipelines.image_pipeline - ERROR - Error processing image /var/folders/q5/qt7z1d_s2dg3c98yct2nt17m0000gn/T/epub2tts_media_yq6xkagt/images/00064.jpeg: [Errno 2] No such file or directory: '/var/folders/q5/qt7z1d_s2dg3c98yct2nt17m0000gn/T/epub2tts_media_yq6xkagt/images/00064.jpeg'
2025-09-27 22:49:51,717 - progress - INFO - Image processing: 7/64 (10%)
2025-09-27 22:49:51,717 - pipelines.image_pipeline - ERROR - Error processing image /var/folders/q5/qt7z1d_s2dg3c98yct2nt17m0000gn/T/epub2tts_media_yq6xkagt/images/00033.jpeg: [Errno 2] No such file or directory: '/var/folders/q5/qt7z1d_s2dg3c98yct2nt17m0000gn/T/epub2tts_media_yq6xkagt/images/00033.jpeg'
2025-09-27 22:49:51,717 - pipelines.image_pipeline - ERROR - Error processing image /var/folders/q5/qt7z1d_s2dg3c98yct2nt17m0000gn/T/epub2tts_media_yq6xkagt/images/00032.jpeg: [Errno 2] No such file or directory: '/var/folders/q5/qt7z1d_s2dg3c98yct2nt17m0000gn/T/epub2tts_media_yq6xkagt/images/00032.jpeg'
2025-09-27 22:49:51,717 - pipelines.image_pipeline - ERROR - Error processing image /var/folders/q5/qt7z1d_s2dg3c98yct2nt17m0000gn/T/epub2tts_media_yq6xkagt/images/00065.jpeg: [Errno 2] No such file or directory: '/var/folders/q5/qt7z1d_s2dg3c98yct2nt17m0000gn/T/epub2tts_media_yq6xkagt/images/00065.jpeg'
2025-09-27 22:49:51,717 - pipelines.image_pipeline - ERROR - Error processing image /var/folders/q5/qt7z1d_s2dg3c98yct2nt17m0000gn/T/epub2tts_media_yq6xkagt/images/00049.jpeg: [Errno 2] No such file or directory: '/var/folders/q5/qt7z1d_s2dg3c98yct2nt17m0000gn/T/epub2tts_media_yq6xkagt/images/00049.jpeg'
2025-09-27 22:49:51,717 - pipelines.image_pipeline - ERROR - Error processing image /var/folders/q5/qt7z1d_s2dg3c98yct2nt17m0000gn/T/epub2tts_media_yq6xkagt/images/00008.jpeg: [Errno 2] No such file or directory: '/var/folders/q5/qt7z1d_s2dg3c98yct2nt17m0000gn/T/epub2tts_media_yq6xkagt/images/00008.jpeg'
2025-09-27 22:49:51,717 - pipelines.image_pipeline - ERROR - Error processing image /var/folders/q5/qt7z1d_s2dg3c98yct2nt17m0000gn/T/epub2tts_media_yq6xkagt/images/00024.jpeg: [Errno 2] No such file or directory: '/var/folders/q5/qt7z1d_s2dg3c98yct2nt17m0000gn/T/epub2tts_media_yq6xkagt/images/00024.jpeg'
2025-09-27 22:49:51,717 - pipelines.image_pipeline - ERROR - Error processing image /var/folders/q5/qt7z1d_s2dg3c98yct2nt17m0000gn/T/epub2tts_media_yq6xkagt/images/00053.jpeg: [Errno 2] No such file or directory: '/var/folders/q5/qt7z1d_s2dg3c98yct2nt17m0000gn/T/epub2tts_media_yq6xkagt/images/00053.jpeg'
2025-09-27 22:49:51,717 - pipelines.image_pipeline - ERROR - Error processing image /var/folders/q5/qt7z1d_s2dg3c98yct2nt17m0000gn/T/epub2tts_media_yq6xkagt/images/00069.jpeg: [Errno 2] No such file or directory: '/var/folders/q5/qt7z1d_s2dg3c98yct2nt17m0000gn/T/epub2tts_media_yq6xkagt/images/00069.jpeg'
2025-09-27 22:49:51,717 - pipelines.image_pipeline - ERROR - Error processing image /var/folders/q5/qt7z1d_s2dg3c98yct2nt17m0000gn/T/epub2tts_media_yq6xkagt/images/00028.jpeg: [Errno 2] No such file or directory: '/var/folders/q5/qt7z1d_s2dg3c98yct2nt17m0000gn/T/epub2tts_media_yq6xkagt/images/00028.jpeg'
2025-09-27 22:49:51,717 - progress - INFO - Image processing: 13/64 (20%)
2025-09-27 22:49:51,717 - pipelines.image_pipeline - ERROR - Error processing image /var/folders/q5/qt7z1d_s2dg3c98yct2nt17m0000gn/T/epub2tts_media_yq6xkagt/images/00045.jpeg: [Errno 2] No such file or directory: '/var/folders/q5/qt7z1d_s2dg3c98yct2nt17m0000gn/T/epub2tts_media_yq6xkagt/images/00045.jpeg'
2025-09-27 22:49:51,717 - pipelines.image_pipeline - ERROR - Error processing image /var/folders/q5/qt7z1d_s2dg3c98yct2nt17m0000gn/T/epub2tts_media_yq6xkagt/images/00012.jpeg: [Errno 2] No such file or directory: '/var/folders/q5/qt7z1d_s2dg3c98yct2nt17m0000gn/T/epub2tts_media_yq6xkagt/images/00012.jpeg'
2025-09-27 22:49:51,717 - pipelines.image_pipeline - ERROR - Error processing image /var/folders/q5/qt7z1d_s2dg3c98yct2nt17m0000gn/T/epub2tts_media_yq6xkagt/images/00019.jpeg: [Errno 2] No such file or directory: '/var/folders/q5/qt7z1d_s2dg3c98yct2nt17m0000gn/T/epub2tts_media_yq6xkagt/images/00019.jpeg'
2025-09-27 22:49:51,717 - pipelines.image_pipeline - ERROR - Error processing image /var/folders/q5/qt7z1d_s2dg3c98yct2nt17m0000gn/T/epub2tts_media_yq6xkagt/images/00058.jpeg: [Errno 2] No such file or directory: '/var/folders/q5/qt7z1d_s2dg3c98yct2nt17m0000gn/T/epub2tts_media_yq6xkagt/images/00058.jpeg'
2025-09-27 22:49:51,717 - progress - INFO - Image processing: 20/64 (31%)
2025-09-27 22:49:51,717 - pipelines.image_pipeline - ERROR - Error processing image /var/folders/q5/qt7z1d_s2dg3c98yct2nt17m0000gn/T/epub2tts_media_yq6xkagt/images/00023.jpeg: [Errno 2] No such file or directory: '/var/folders/q5/qt7z1d_s2dg3c98yct2nt17m0000gn/T/epub2tts_media_yq6xkagt/images/00023.jpeg'
2025-09-27 22:49:51,717 - pipelines.image_pipeline - ERROR - Error processing image /var/folders/q5/qt7z1d_s2dg3c98yct2nt17m0000gn/T/epub2tts_media_yq6xkagt/images/00062.jpeg: [Errno 2] No such file or directory: '/var/folders/q5/qt7z1d_s2dg3c98yct2nt17m0000gn/T/epub2tts_media_yq6xkagt/images/00062.jpeg'
2025-09-27 22:49:51,717 - pipelines.image_pipeline - ERROR - Error processing image /var/folders/q5/qt7z1d_s2dg3c98yct2nt17m0000gn/T/epub2tts_media_yq6xkagt/images/00035.jpeg: [Errno 2] No such file or directory: '/var/folders/q5/qt7z1d_s2dg3c98yct2nt17m0000gn/T/epub2tts_media_yq6xkagt/images/00035.jpeg'
2025-09-27 22:49:51,718 - pipelines.image_pipeline - ERROR - Error processing image /var/folders/q5/qt7z1d_s2dg3c98yct2nt17m0000gn/T/epub2tts_media_yq6xkagt/images/00042.jpeg: [Errno 2] No such file or directory: '/var/folders/q5/qt7z1d_s2dg3c98yct2nt17m0000gn/T/epub2tts_media_yq6xkagt/images/00042.jpeg'
2025-09-27 22:49:51,718 - pipelines.image_pipeline - ERROR - Error processing image /var/folders/q5/qt7z1d_s2dg3c98yct2nt17m0000gn/T/epub2tts_media_yq6xkagt/images/00015.jpeg: [Errno 2] No such file or directory: '/var/folders/q5/qt7z1d_s2dg3c98yct2nt17m0000gn/T/epub2tts_media_yq6xkagt/images/00015.jpeg'
2025-09-27 22:49:51,718 - pipelines.image_pipeline - ERROR - Error processing image /var/folders/q5/qt7z1d_s2dg3c98yct2nt17m0000gn/T/epub2tts_media_yq6xkagt/images/00054.jpeg: [Errno 2] No such file or directory: '/var/folders/q5/qt7z1d_s2dg3c98yct2nt17m0000gn/T/epub2tts_media_yq6xkagt/images/00054.jpeg'
2025-09-27 22:49:51,718 - pipelines.image_pipeline - ERROR - Error processing image /var/folders/q5/qt7z1d_s2dg3c98yct2nt17m0000gn/T/epub2tts_media_yq6xkagt/images/00039.jpeg: [Errno 2] No such file or directory: '/var/folders/q5/qt7z1d_s2dg3c98yct2nt17m0000gn/T/epub2tts_media_yq6xkagt/images/00039.jpeg'
2025-09-27 22:49:51,718 - progress - INFO - Image processing: 27/64 (42%)
2025-09-27 22:49:51,718 - pipelines.image_pipeline - ERROR - Error processing image /var/folders/q5/qt7z1d_s2dg3c98yct2nt17m0000gn/T/epub2tts_media_yq6xkagt/images/00038.jpeg: [Errno 2] No such file or directory: '/var/folders/q5/qt7z1d_s2dg3c98yct2nt17m0000gn/T/epub2tts_media_yq6xkagt/images/00038.jpeg'
2025-09-27 22:49:51,718 - pipelines.image_pipeline - ERROR - Error processing image /var/folders/q5/qt7z1d_s2dg3c98yct2nt17m0000gn/T/epub2tts_media_yq6xkagt/images/00055.jpeg: [Errno 2] No such file or directory: '/var/folders/q5/qt7z1d_s2dg3c98yct2nt17m0000gn/T/epub2tts_media_yq6xkagt/images/00055.jpeg'
2025-09-27 22:49:51,718 - pipelines.image_pipeline - ERROR - Error processing image /var/folders/q5/qt7z1d_s2dg3c98yct2nt17m0000gn/T/epub2tts_media_yq6xkagt/images/00014.jpeg: [Errno 2] No such file or directory: '/var/folders/q5/qt7z1d_s2dg3c98yct2nt17m0000gn/T/epub2tts_media_yq6xkagt/images/00014.jpeg'
2025-09-27 22:49:51,718 - pipelines.image_pipeline - ERROR - Error processing image /var/folders/q5/qt7z1d_s2dg3c98yct2nt17m0000gn/T/epub2tts_media_yq6xkagt/images/00043.jpeg: [Errno 2] No such file or directory: '/var/folders/q5/qt7z1d_s2dg3c98yct2nt17m0000gn/T/epub2tts_media_yq6xkagt/images/00043.jpeg'
2025-09-27 22:49:51,718 - pipelines.image_pipeline - ERROR - Error processing image /var/folders/q5/qt7z1d_s2dg3c98yct2nt17m0000gn/T/epub2tts_media_yq6xkagt/images/00034.jpeg: [Errno 2] No such file or directory: '/var/folders/q5/qt7z1d_s2dg3c98yct2nt17m0000gn/T/epub2tts_media_yq6xkagt/images/00034.jpeg'
2025-09-27 22:49:51,718 - pipelines.image_pipeline - ERROR - Error processing image /var/folders/q5/qt7z1d_s2dg3c98yct2nt17m0000gn/T/epub2tts_media_yq6xkagt/images/00063.jpeg: [Errno 2] No such file or directory: '/var/folders/q5/qt7z1d_s2dg3c98yct2nt17m0000gn/T/epub2tts_media_yq6xkagt/images/00063.jpeg'
2025-09-27 22:49:51,718 - pipelines.image_pipeline - ERROR - Error processing image /var/folders/q5/qt7z1d_s2dg3c98yct2nt17m0000gn/T/epub2tts_media_yq6xkagt/images/00022.jpeg: [Errno 2] No such file or directory: '/var/folders/q5/qt7z1d_s2dg3c98yct2nt17m0000gn/T/epub2tts_media_yq6xkagt/images/00022.jpeg'
2025-09-27 22:49:51,718 - progress - INFO - Image processing: 34/64 (53%)
2025-09-27 22:49:51,718 - pipelines.image_pipeline - ERROR - Error processing image /var/folders/q5/qt7z1d_s2dg3c98yct2nt17m0000gn/T/epub2tts_media_yq6xkagt/images/00059.jpeg: [Errno 2] No such file or directory: '/var/folders/q5/qt7z1d_s2dg3c98yct2nt17m0000gn/T/epub2tts_media_yq6xkagt/images/00059.jpeg'
2025-09-27 22:49:51,718 - pipelines.image_pipeline - ERROR - Error processing image /var/folders/q5/qt7z1d_s2dg3c98yct2nt17m0000gn/T/epub2tts_media_yq6xkagt/images/00018.jpeg: [Errno 2] No such file or directory: '/var/folders/q5/qt7z1d_s2dg3c98yct2nt17m0000gn/T/epub2tts_media_yq6xkagt/images/00018.jpeg'
2025-09-27 22:49:51,718 - pipelines.image_pipeline - ERROR - Error processing image /var/folders/q5/qt7z1d_s2dg3c98yct2nt17m0000gn/T/epub2tts_media_yq6xkagt/images/00037.jpeg: [Errno 2] No such file or directory: '/var/folders/q5/qt7z1d_s2dg3c98yct2nt17m0000gn/T/epub2tts_media_yq6xkagt/images/00037.jpeg'
2025-09-27 22:49:51,718 - pipelines.image_pipeline - ERROR - Error processing image /var/folders/q5/qt7z1d_s2dg3c98yct2nt17m0000gn/T/epub2tts_media_yq6xkagt/images/00060.jpeg: [Errno 2] No such file or directory: '/var/folders/q5/qt7z1d_s2dg3c98yct2nt17m0000gn/T/epub2tts_media_yq6xkagt/images/00060.jpeg'
2025-09-27 22:49:51,718 - pipelines.image_pipeline - ERROR - Error processing image /var/folders/q5/qt7z1d_s2dg3c98yct2nt17m0000gn/T/epub2tts_media_yq6xkagt/images/00021.jpeg: [Errno 2] No such file or directory: '/var/folders/q5/qt7z1d_s2dg3c98yct2nt17m0000gn/T/epub2tts_media_yq6xkagt/images/00021.jpeg'
2025-09-27 22:49:51,718 - pipelines.image_pipeline - ERROR - Error processing image /var/folders/q5/qt7z1d_s2dg3c98yct2nt17m0000gn/T/epub2tts_media_yq6xkagt/images/00056.jpeg: [Errno 2] No such file or directory: '/var/folders/q5/qt7z1d_s2dg3c98yct2nt17m0000gn/T/epub2tts_media_yq6xkagt/images/00056.jpeg'
2025-09-27 22:49:51,718 - progress - INFO - Image processing: 41/64 (64%)
2025-09-27 22:49:51,718 - pipelines.image_pipeline - ERROR - Error processing image /var/folders/q5/qt7z1d_s2dg3c98yct2nt17m0000gn/T/epub2tts_media_yq6xkagt/images/00017.jpeg: [Errno 2] No such file or directory: '/var/folders/q5/qt7z1d_s2dg3c98yct2nt17m0000gn/T/epub2tts_media_yq6xkagt/images/00017.jpeg'
2025-09-27 22:49:51,718 - pipelines.image_pipeline - ERROR - Error processing image /var/folders/q5/qt7z1d_s2dg3c98yct2nt17m0000gn/T/epub2tts_media_yq6xkagt/images/00040.jpeg: [Errno 2] No such file or directory: '/var/folders/q5/qt7z1d_s2dg3c98yct2nt17m0000gn/T/epub2tts_media_yq6xkagt/images/00040.jpeg'
2025-09-27 22:49:51,718 - pipelines.image_pipeline - ERROR - Error processing image /var/folders/q5/qt7z1d_s2dg3c98yct2nt17m0000gn/T/epub2tts_media_yq6xkagt/images/00041.jpeg: [Errno 2] No such file or directory: '/var/folders/q5/qt7z1d_s2dg3c98yct2nt17m0000gn/T/epub2tts_media_yq6xkagt/images/00041.jpeg'
2025-09-27 22:49:51,718 - pipelines.image_pipeline - ERROR - Error processing image /var/folders/q5/qt7z1d_s2dg3c98yct2nt17m0000gn/T/epub2tts_media_yq6xkagt/images/00016.jpeg: [Errno 2] No such file or directory: '/var/folders/q5/qt7z1d_s2dg3c98yct2nt17m0000gn/T/epub2tts_media_yq6xkagt/images/00016.jpeg'
2025-09-27 22:49:51,718 - pipelines.image_pipeline - ERROR - Error processing image /var/folders/q5/qt7z1d_s2dg3c98yct2nt17m0000gn/T/epub2tts_media_yq6xkagt/images/00057.jpeg: [Errno 2] No such file or directory: '/var/folders/q5/qt7z1d_s2dg3c98yct2nt17m0000gn/T/epub2tts_media_yq6xkagt/images/00057.jpeg'
2025-09-27 22:49:51,719 - pipelines.image_pipeline - ERROR - Error processing image /var/folders/q5/qt7z1d_s2dg3c98yct2nt17m0000gn/T/epub2tts_media_yq6xkagt/images/00020.jpeg: [Errno 2] No such file or directory: '/var/folders/q5/qt7z1d_s2dg3c98yct2nt17m0000gn/T/epub2tts_media_yq6xkagt/images/00020.jpeg'
2025-09-27 22:49:51,719 - pipelines.image_pipeline - ERROR - Error processing image /var/folders/q5/qt7z1d_s2dg3c98yct2nt17m0000gn/T/epub2tts_media_yq6xkagt/images/00061.jpeg: [Errno 2] No such file or directory: '/var/folders/q5/qt7z1d_s2dg3c98yct2nt17m0000gn/T/epub2tts_media_yq6xkagt/images/00061.jpeg'
2025-09-27 22:49:51,719 - pipelines.image_pipeline - ERROR - Error processing image /var/folders/q5/qt7z1d_s2dg3c98yct2nt17m0000gn/T/epub2tts_media_yq6xkagt/images/00036.jpeg: [Errno 2] No such file or directory: '/var/folders/q5/qt7z1d_s2dg3c98yct2nt17m0000gn/T/epub2tts_media_yq6xkagt/images/00036.jpeg'
2025-09-27 22:49:51,719 - progress - INFO - Image processing: 48/64 (75%)
2025-09-27 22:49:51,719 - pipelines.image_pipeline - ERROR - Error processing image /var/folders/q5/qt7z1d_s2dg3c98yct2nt17m0000gn/T/epub2tts_media_yq6xkagt/images/00050.jpeg: [Errno 2] No such file or directory: '/var/folders/q5/qt7z1d_s2dg3c98yct2nt17m0000gn/T/epub2tts_media_yq6xkagt/images/00050.jpeg'
2025-09-27 22:49:51,719 - pipelines.image_pipeline - ERROR - Error processing image /var/folders/q5/qt7z1d_s2dg3c98yct2nt17m0000gn/T/epub2tts_media_yq6xkagt/images/00011.jpeg: [Errno 2] No such file or directory: '/var/folders/q5/qt7z1d_s2dg3c98yct2nt17m0000gn/T/epub2tts_media_yq6xkagt/images/00011.jpeg'
2025-09-27 22:49:51,719 - pipelines.image_pipeline - ERROR - Error processing image /var/folders/q5/qt7z1d_s2dg3c98yct2nt17m0000gn/T/epub2tts_media_yq6xkagt/images/00046.jpeg: [Errno 2] No such file or directory: '/var/folders/q5/qt7z1d_s2dg3c98yct2nt17m0000gn/T/epub2tts_media_yq6xkagt/images/00046.jpeg'
2025-09-27 22:49:51,719 - pipelines.image_pipeline - ERROR - Error processing image /var/folders/q5/qt7z1d_s2dg3c98yct2nt17m0000gn/T/epub2tts_media_yq6xkagt/images/00031.jpeg: [Errno 2] No such file or directory: '/var/folders/q5/qt7z1d_s2dg3c98yct2nt17m0000gn/T/epub2tts_media_yq6xkagt/images/00031.jpeg'
2025-09-27 22:49:51,719 - pipelines.image_pipeline - ERROR - Error processing image /var/folders/q5/qt7z1d_s2dg3c98yct2nt17m0000gn/T/epub2tts_media_yq6xkagt/images/00066.jpeg: [Errno 2] No such file or directory: '/var/folders/q5/qt7z1d_s2dg3c98yct2nt17m0000gn/T/epub2tts_media_yq6xkagt/images/00066.jpeg'
2025-09-27 22:49:51,719 - pipelines.image_pipeline - ERROR - Error processing image /var/folders/q5/qt7z1d_s2dg3c98yct2nt17m0000gn/T/epub2tts_media_yq6xkagt/images/00070.jpeg: [Errno 2] No such file or directory: '/var/folders/q5/qt7z1d_s2dg3c98yct2nt17m0000gn/T/epub2tts_media_yq6xkagt/images/00070.jpeg'
2025-09-27 22:49:51,719 - pipelines.image_pipeline - ERROR - Error processing image /var/folders/q5/qt7z1d_s2dg3c98yct2nt17m0000gn/T/epub2tts_media_yq6xkagt/images/00027.jpeg: [Errno 2] No such file or directory: '/var/folders/q5/qt7z1d_s2dg3c98yct2nt17m0000gn/T/epub2tts_media_yq6xkagt/images/00027.jpeg'
2025-09-27 22:49:51,719 - progress - INFO - Image processing: 55/64 (85%)
2025-09-27 22:49:51,719 - pipelines.image_pipeline - ERROR - Error processing image /var/folders/q5/qt7z1d_s2dg3c98yct2nt17m0000gn/T/epub2tts_media_yq6xkagt/images/00026.jpeg: [Errno 2] No such file or directory: '/var/folders/q5/qt7z1d_s2dg3c98yct2nt17m0000gn/T/epub2tts_media_yq6xkagt/images/00026.jpeg'
2025-09-27 22:49:51,719 - pipelines.image_pipeline - ERROR - Error processing image /var/folders/q5/qt7z1d_s2dg3c98yct2nt17m0000gn/T/epub2tts_media_yq6xkagt/images/00067.jpeg: [Errno 2] No such file or directory: '/var/folders/q5/qt7z1d_s2dg3c98yct2nt17m0000gn/T/epub2tts_media_yq6xkagt/images/00067.jpeg'
2025-09-27 22:49:51,719 - pipelines.image_pipeline - ERROR - Error processing image /var/folders/q5/qt7z1d_s2dg3c98yct2nt17m0000gn/T/epub2tts_media_yq6xkagt/images/00030.jpeg: [Errno 2] No such file or directory: '/var/folders/q5/qt7z1d_s2dg3c98yct2nt17m0000gn/T/epub2tts_media_yq6xkagt/images/00030.jpeg'
2025-09-27 22:49:51,719 - pipelines.image_pipeline - ERROR - Error processing image /var/folders/q5/qt7z1d_s2dg3c98yct2nt17m0000gn/T/epub2tts_media_yq6xkagt/images/00047.jpeg: [Errno 2] No such file or directory: '/var/folders/q5/qt7z1d_s2dg3c98yct2nt17m0000gn/T/epub2tts_media_yq6xkagt/images/00047.jpeg'
2025-09-27 22:49:51,719 - pipelines.image_pipeline - ERROR - Error processing image /var/folders/q5/qt7z1d_s2dg3c98yct2nt17m0000gn/T/epub2tts_media_yq6xkagt/images/00010.jpeg: [Errno 2] No such file or directory: '/var/folders/q5/qt7z1d_s2dg3c98yct2nt17m0000gn/T/epub2tts_media_yq6xkagt/images/00010.jpeg'
2025-09-27 22:49:51,719 - pipelines.image_pipeline - ERROR - Error processing image /var/folders/q5/qt7z1d_s2dg3c98yct2nt17m0000gn/T/epub2tts_media_yq6xkagt/images/00051.jpeg: [Errno 2] No such file or directory: '/var/folders/q5/qt7z1d_s2dg3c98yct2nt17m0000gn/T/epub2tts_media_yq6xkagt/images/00051.jpeg'
2025-09-27 22:49:51,719 - progress - INFO - Image processing: 61/64 (95%)
2025-09-27 22:49:51,719 - progress - INFO - Image processing: 64/64 (100%)
2025-09-27 22:49:51,719 - progress - INFO - Image processing: Completed (64/64)
2025-09-27 22:49:51,719 - pipelines.image_pipeline - INFO - Batch image processing completed: 0/64 processed, 0 cache hits, 0.00s
2025-09-27 22:49:51,719 - pipelines.orchestrator.PipelineOrchestrator - INFO - Image processing completed: 64 descriptions
2025-09-27 22:49:51,719 - performance - INFO - Operation completed: Image description generation (duration: 0.004s)
2025-09-27 22:49:51,720 - pipelines.orchestrator.PipelineOrchestrator - INFO - Integrated 0 image descriptions into text
2025-09-27 22:49:51,720 - pipelines.tts_pipeline - INFO - Processing 3 chapters for TTS
2025-09-27 22:49:51,720 - pipelines.tts_pipeline - INFO - Starting batch TTS processing: 3 chunks
